build/app/outputs/mapping/release/seeds.txt
com.example.empay.MainActivity
com.example.empay.MainActivity: MainActivity()
...
androidx.window.layout.SidecarWindowBackend: java.util.concurrent.CopyOnWriteArrayList windowLayoutChangeCallbacks
kotlinx.coroutines.internal.LockFreeLinkedListNode: java.lang.Object _removedRef
androidx.window.R$attr: int primaryActivityName
kotlinx.coroutines.EventLoopImplBase: java.lang.Object _delayed
kotlin.jvm.internal.CallableReference: kotlin.reflect.KCallable reflected
androidx.window.core.Version: int patch
io.flutter.view.AccessibilityViewEmbedder: android.util.SparseArray flutterIdToOrigin
androidx.window.R$styleable: int SplitPairFilter_primaryActivityName
androidx.window.layout.WindowMetricsCalculatorCompat: androidx.window.layout.WindowMetricsCalculatorCompat INSTANCE
kotlin.jvm.internal.CallableReference: java.lang.Object receiver
androidx.window.R$id: int androidx_window_activity_scope
androidx.window.layout.HardwareFoldingFeature$Type: androidx.window.layout.HardwareFoldingFeature$Type FOLD
androidx.window.layout.SidecarCompat: java.lang.String TAG
androidx.window.core.Version: androidx.window.core.Version VERSION_0_1
androidx.window.R$attr: int finishPrimaryWithSecondary
io.flutter.embedding.engine.FlutterJNI: android.os.Looper mainLooper
androidx.window.embedding.ExtensionEmbeddingBackend$EmbeddingCallbackImpl: java.util.List lastInfo
androidx.window.embedding.SplitPlaceholderRule: java.util.Set filters
androidx.window.core.Version: java.lang.String VERSION_PATTERN_STRING
androidx.window.embedding.SplitRule: float splitRatio
androidx.window.embedding.ExtensionEmbeddingBackend: androidx.window.embedding.ExtensionEmbeddingBackend globalInstance
kotlinx.coroutines.JobSupport$Finishing: java.lang.Object _exceptionsHolder
io.flutter.embedding.engine.FlutterJNI: float refreshRateFPS
io.flutter.plugins.GeneratedPluginRegistrant: java.lang.String TAG
androidx.window.core.Version: androidx.window.core.Version VERSION_1_0
androidx.window.layout.HardwareFoldingFeature$Type: java.lang.String description
androidx.window.layout.WindowInfoTrackerImpl$windowLayoutInfo$1: int label
androidx.window.layout.SidecarCompat$DistinctSidecarElementCallback: java.util.WeakHashMap mActivityWindowLayoutInfo
androidx.window.layout.SidecarCompat: java.util.Map windowListenerRegisteredContexts
kotlinx.coroutines.JobSupport: java.lang.Object _state
androidx.window.embedding.SplitPairFilter: android.content.ComponentName secondaryActivityName
androidx.window.R$attr: int secondaryActivityName
androidx.window.R$attr: int activityAction
androidx.window.layout.WindowInfoTrackerImpl$windowLayoutInfo$1: java.lang.Object L$0
androidx.window.layout.SidecarCompat$FirstAttachAdapter: java.lang.ref.WeakReference activityWeakReference
kotlinx.coroutines.CancellableContinuationImpl: java.lang.Object _state
androidx.window.embedding.ExtensionEmbeddingBackend: java.lang.String TAG
androidx.window.layout.HardwareFoldingFeature: androidx.window.core.Bounds featureBounds
kotlinx.coroutines.scheduling.CoroutineScheduler: int _isTerminated
androidx.window.R$id: int locale
androidx.window.layout.SidecarCompat$DistinctSidecarElementCallback: java.util.concurrent.locks.ReentrantLock lock
kotlinx.coroutines.channels.ArrayChannel: int size
io.flutter.embedding.engine.FlutterJNI: java.util.Set flutterUiDisplayListeners
androidx.window.embedding.ExtensionEmbeddingBackend: java.util.concurrent.CopyOnWriteArraySet splitRules
androidx.window.R$styleable: int[] ActivityRule
androidx.window.core.Version: kotlin.Lazy bigInteger$delegate
androidx.window.layout.SidecarWindowBackend: java.lang.String TAG
androidx.window.layout.FoldingFeature$State: androidx.window.layout.FoldingFeature$State HALF_OPENED
androidx.window.layout.WindowInfoTrackerImpl: androidx.window.layout.WindowInfoTrackerImpl$Companion Companion
androidx.window.layout.HardwareFoldingFeature$Type: androidx.window.layout.HardwareFoldingFeature$Type HINGE
androidx.window.layout.SidecarWindowBackend$ExtensionListenerImpl: androidx.window.layout.SidecarWindowBackend this$0