build/app/outputs/mapping/release/mapping.txt
# compiler: R8
# compiler_version: 3.1.66
# min_api: 16
# pg_map_id: 89354d0
# common_typos_disable
# {"id":"com.android.tools.r8.mapping","version":"1.0"}
...
androidx.window.embedding.ExtensionEmbeddingBackend$SplitListenerWrapper$$ExternalSyntheticLambda0 -> androidx.window.embedding.g:
# {"id":"sourceFile","fileName":"R8$$SyntheticClass"}
# {"id":"com.android.tools.r8.synthesized"}
    androidx.window.embedding.ExtensionEmbeddingBackend$SplitListenerWrapper androidx.window.embedding.ExtensionEmbeddingBackend$SplitListenerWrapper$$InternalSyntheticLambda$0$c3cdab18a7b5803fd4a6892189481bc8b3b4628de87f73441008542d59c07a45$0.f$0 -> d
    java.util.List androidx.window.embedding.ExtensionEmbeddingBackend$SplitListenerWrapper$$InternalSyntheticLambda$0$c3cdab18a7b5803fd4a6892189481bc8b3b4628de87f73441008542d59c07a45$0.f$1 -> e
    void androidx.window.embedding.ExtensionEmbeddingBackend$SplitListenerWrapper$$InternalSyntheticLambda$0$c3cdab18a7b5803fd4a6892189481bc8b3b4628de87f73441008542d59c07a45$0.<init>(androidx.window.embedding.ExtensionEmbeddingBackend$SplitListenerWrapper,java.util.List) -> <init>
      # {"id":"com.android.tools.r8.synthesized"}
    void androidx.window.embedding.ExtensionEmbeddingBackend$SplitListenerWrapper$$InternalSyntheticLambda$0$c3cdab18a7b5803fd4a6892189481bc8b3b4628de87f73441008542d59c07a45$0.run() -> run
      # {"id":"com.android.tools.r8.synthesized"}
androidx.window.layout.SidecarWindowBackend$WindowLayoutChangeCallbackWrapper -> androidx.window.layout.SidecarWindowBackend$WindowLayoutChangeCallbackWrapper:
    void $r8$lambda$jkQHaIq6yFprTVBW9h6wk0oO_6g(androidx.window.layout.SidecarWindowBackend$WindowLayoutChangeCallbackWrapper,androidx.window.layout.WindowLayoutInfo) -> a
      # {"id":"com.android.tools.r8.synthesized"}
androidx.window.layout.SidecarWindowBackend$WindowLayoutChangeCallbackWrapper$$ExternalSyntheticLambda0 -> androidx.window.layout.a:
# {"id":"sourceFile","fileName":"R8$$SyntheticClass"}
# {"id":"com.android.tools.r8.synthesized"}
    androidx.window.layout.SidecarWindowBackend$WindowLayoutChangeCallbackWrapper androidx.window.layout.SidecarWindowBackend$WindowLayoutChangeCallbackWrapper$$InternalSyntheticLambda$0$5c9666033b6caa0ba12e5282e3db0e88c2f641b540716639e17c7c350a9ddba3$0.f$0 -> d
    androidx.window.layout.WindowLayoutInfo androidx.window.layout.SidecarWindowBackend$WindowLayoutChangeCallbackWrapper$$InternalSyntheticLambda$0$5c9666033b6caa0ba12e5282e3db0e88c2f641b540716639e17c7c350a9ddba3$0.f$1 -> e
    void androidx.window.layout.SidecarWindowBackend$WindowLayoutChangeCallbackWrapper$$InternalSyntheticLambda$0$5c9666033b6caa0ba12e5282e3db0e88c2f641b540716639e17c7c350a9ddba3$0.<init>(androidx.window.layout.SidecarWindowBackend$WindowLayoutChangeCallbackWrapper,androidx.window.layout.WindowLayoutInfo) -> <init>
      # {"id":"com.android.tools.r8.synthesized"}
    void androidx.window.layout.SidecarWindowBackend$WindowLayoutChangeCallbackWrapper$$InternalSyntheticLambda$0$5c9666033b6caa0ba12e5282e3db0e88c2f641b540716639e17c7c350a9ddba3$0.run() -> run
      # {"id":"com.android.tools.r8.synthesized"}
androidx.window.layout.WindowInfoTracker$-CC -> androidx.window.layout.b:
# {"id":"sourceFile","fileName":"R8$$SyntheticClass"}
# {"id":"com.android.tools.r8.synthesized"}
    1:1:androidx.window.layout.WindowInfoTracker getOrCreate(android.content.Context):0:0 -> a
      # {"id":"com.android.tools.r8.synthesized"}
    1:1:void overrideDecorator(androidx.window.layout.WindowInfoTrackerDecorator):0:0 -> b
      # {"id":"com.android.tools.r8.synthesized"}
    1:1:void reset():0:0 -> c
      # {"id":"com.android.tools.r8.synthesized"}
androidx.window.layout.WindowInfoTrackerImpl$windowLayoutInfo$1 -> androidx.window.layout.WindowInfoTrackerImpl$windowLayoutInfo$1:
    void $r8$lambda$LgDWJbk4b494d79uZZm3iJ0WM6A(kotlinx.coroutines.channels.Channel,androidx.window.layout.WindowLayoutInfo) -> a
      # {"id":"com.android.tools.r8.synthesized"}