build/app/outputs/mapping/release/usage.txt
com.example.empay.BuildConfig
com.example.empay.R$attr
com.example.empay.R$color
com.example.empay.R$dimen
com.example.empay.R$drawable
com.example.empay.R$id
com.example.empay.R$integer
com.example.empay.R$layout
com.example.empay.R$mipmap
com.example.empay.R$string
com.example.empay.R$style
com.example.empay.R$styleable
com.example.empay.R
...
kotlin.random.RandomKt:
    public static final kotlin.random.Random Random(int)
    public static final kotlin.random.Random Random(long)
    public static final java.lang.String boundsErrorMessage(java.lang.Object,java.lang.Object)
    public static final void checkRangeBounds(double,double)
    public static final void checkRangeBounds(int,int)
    public static final void checkRangeBounds(long,long)
    public static final int fastLog2(int)
    public static final int nextInt(kotlin.random.Random,kotlin.ranges.IntRange)
    public static final long nextLong(kotlin.random.Random,kotlin.ranges.LongRange)
kotlin.random.URandomKt
kotlin.random.XorWowRandom$Companion
kotlin.random.XorWowRandom
kotlin.random.jdk8.PlatformThreadLocalRandom:
    public double nextDouble(double)
    public int nextInt(int,int)
    public long nextLong(long)
    public long nextLong(long,long)
kotlin.ranges.CharProgression$Companion
kotlin.ranges.CharProgression
kotlin.ranges.CharProgressionIterator
kotlin.ranges.CharRange$Companion
kotlin.ranges.CharRange
kotlin.ranges.ClosedDoubleRange
kotlin.ranges.ClosedFloatRange
kotlin.ranges.ClosedFloatingPointRange$DefaultImpls
kotlin.ranges.ClosedFloatingPointRange
kotlin.ranges.ClosedRange$DefaultImpls
kotlin.ranges.ClosedRange
kotlin.ranges.ComparableRange
kotlin.ranges.IntProgressionIterator:
    public final int getStep()
kotlin.ranges.IntRange:
    public boolean contains(int)
    public synthetic bridge boolean contains(java.lang.Comparable)
    public synthetic bridge java.lang.Comparable getEndInclusive()
    public synthetic bridge java.lang.Comparable getStart()
kotlin.ranges.LongProgression$Companion
kotlin.ranges.LongProgression
kotlin.ranges.LongProgressionIterator
kotlin.ranges.LongRange$Companion
kotlin.ranges.LongRange
kotlin.ranges.RangesKt:
    private void <init>()
kotlin.ranges.RangesKt__RangesKt:
    public void <init>()
    public static final void checkStepIsPositive(boolean,java.lang.Number)
    private static final boolean contains(java.lang.Iterable,java.lang.Object)
    public static final kotlin.ranges.ClosedFloatingPointRange rangeTo(double,double)
    public static final kotlin.ranges.ClosedFloatingPointRange rangeTo(float,float)
    public static final kotlin.ranges.ClosedRange rangeTo(java.lang.Comparable,java.lang.Comparable)
kotlin.ranges.RangesKt___RangesKt:
    public void <init>()
    public static final synthetic boolean byteRangeContains(kotlin.ranges.ClosedRange,double)
    public static final synthetic boolean byteRangeContains(kotlin.ranges.ClosedRange,float)
    public static final boolean byteRangeContains(kotlin.ranges.ClosedRange,int)
    public static final boolean byteRangeContains(kotlin.ranges.ClosedRange,long)
    public static final boolean byteRangeContains(kotlin.ranges.ClosedRange,short)
    public static final byte coerceAtLeast(byte,byte)
    public static final double coerceAtLeast(double,double)
    public static final float coerceAtLeast(float,float)
    public static final java.lang.Comparable coerceAtLeast(java.lang.Comparable,java.lang.Comparable)
    public static final short coerceAtLeast(short,short)
    public static final byte coerceAtMost(byte,byte)
    public static final double coerceAtMost(double,double)
    public static final float coerceAtMost(float,float)
    public static final java.lang.Comparable coerceAtMost(java.lang.Comparable,java.lang.Comparable)
    public static final short coerceAtMost(short,short)
    public static final byte coerceIn(byte,byte,byte)
    public static final double coerceIn(double,double,double)
    public static final float coerceIn(float,float,float)
    public static final int coerceIn(int,kotlin.ranges.ClosedRange)
    public static final long coerceIn(long,long,long)
kotlin.ranges.UIntProgression$Companion
kotlin.ranges.UIntProgression
kotlin.ranges.UIntProgressionIterator
kotlin.ranges.UIntRange$Companion
kotlin.ranges.UIntRange
kotlin.ranges.ULongProgression$Companion